#
# A fatal error has been detected by the Java Runtime Environment:
#
#  EXCEPTION_ACCESS_VIOLATION (0xc0000005) at pc=0x00000287886e3a60, pid=5284, tid=0x0000000000001e58
#
# JRE version: Java(TM) SE Runtime Environment (8.0_351-b10) (build 1.8.0_351-b10)
# Java VM: Java HotSpot(TM) 64-Bit Server VM (25.351-b10 mixed mode windows-amd64 compressed oops)
# Problematic frame:
# C  0x00000287886e3a60
#
# Failed to write core dump. Minidumps are not enabled by default on client versions of Windows
#
# If you would like to submit a bug report, please visit:
#   http://bugreport.java.com/bugreport/crash.jsp
# The crash happened outside the Java Virtual Machine in native code.
# See problematic frame for where to report the bug.
#

---------------  T H R E A D  ---------------

Current thread (0x00000287fd93d000):  JavaThread "AWT-EventQueue-0" [_thread_in_native, id=7768, stack(0x000000da78900000,0x000000da78a00000)]

siginfo: ExceptionCode=0xc0000005, ExceptionInformation=0x0000000000000008 0x00000287886e3a60

Registers:
RAX=0x00000000d6a93220, RBX=0x00000000000001d6, RCX=0x00000287fd93d200, RDX=0x000000da789fdbd0
RSP=0x000000da789fdb78, RBP=0x000000da789fdbe0, RSI=0x00000287888853c0, RDI=0x00000000000007a8
R8 =0x0000000000000004, R9 =0x0000000000000009, R10=0x0000000061979e37, R11=0x00000287ecea0080
R12=0x0000000000000000, R13=0x000000da789fdd40, R14=0x000000da789fdbd0, R15=0x00000287fd93d000
RIP=0x00000287886e3a60, EFLAGS=0x0000000000010246

Top of Stack: (sp=0x000000da789fdb78)
0x000000da789fdb78:   00000287ecbd7492 00000287ecea0080
0x000000da789fdb88:   0000000061965110 0000000000000009
0x000000da789fdb98:   0000000000000004 00000000d6a93240
0x000000da789fdba8:   0000000060200021 000000da789fdbe0
0x000000da789fdbb8:   000000da789fdbe0 00000287fb9dc000
0x000000da789fdbc8:   00000000d6a93220 0000000082bda110
0x000000da789fdbd8:   00000000d6a93220 000000da789fdd90
0x000000da789fdbe8:   00000287ecf9c6a4 00000000113c8ef7
0x000000da789fdbf8:   0000000082bd07e8 0000000082b78ac8
0x000000da789fdc08:   0000000082b78fd0 000000da789fdde0
0x000000da789fdc18:   00000287ecf73e9c 000000da789fdd30
0x000000da789fdc28:   00000287ecb7139c 000000da789fde00
0x000000da789fdc38:   00000287ecf73e9c 00000287fccc4bd8
0x000000da789fdc48:   00000287fd93d000 000002878aa10cd9
0x000000da789fdc58:   0000000000000004 00000000d6a93220
0x000000da789fdc68:   00000000612ae213 000002878a9fe101 

Instructions: (pc=0x00000287886e3a60)
0x00000287886e3a40:   
[error occurred during error reporting (printing registers, top of stack, instructions near pc), id 0xc0000005]

Register to memory mapping:

RAX=0x00000000d6a93220 is an oop
com.sun.jna.Memory 
 - klass: 'com/sun/jna/Memory'
RBX=0x00000000000001d6 is an unknown value
RCX=0x00000287fd93d200 is an unknown value
RDX=0x000000da789fdbd0 is pointing into the stack for thread: 0x00000287fd93d000
RSP=0x000000da789fdb78 is pointing into the stack for thread: 0x00000287fd93d000
RBP=0x000000da789fdbe0 is pointing into the stack for thread: 0x00000287fd93d000
RSI={method} {0x00000287888853c8} 'malloc' '(J)J' in 'com/sun/jna/Memory'
RDI=0x00000000000007a8 is an unknown value
R8 =0x0000000000000004 is an unknown value
R9 =0x0000000000000009 is an unknown value
R10=0x0000000061979e37 is an unknown value
R11=0x00000287ecea0080 is at entry_point+32 in (nmethod*)0x00000287ece9fed0
R12=0x0000000000000000 is an unknown value
R13=0x000000da789fdd40 is pointing into the stack for thread: 0x00000287fd93d000
R14=0x000000da789fdbd0 is pointing into the stack for thread: 0x00000287fd93d000
R15=0x00000287fd93d000 is a thread


Stack: [0x000000da78900000,0x000000da78a00000],  sp=0x000000da789fdb78,  free space=1014k
Native frames: (J=compiled Java code, j=interpreted, Vv=VM code, C=native code)
C  0x00000287886e3a60

Java frames: (J=compiled Java code, j=interpreted, Vv=VM code)
J 1523  com.sun.jna.Native.malloc(J)J (0 bytes) @ 0x00000287ecbd7401 [0x00000287ecbd73c0+0x41]
J 1638 C1 com.sun.jna.Memory.<init>(J)V (75 bytes) @ 0x00000287ecf9c6a4 [0x00000287ecf9c500+0x1a4]
J 1915 C1 com.sun.jna.ptr.ByReference.<init>(I)V (18 bytes) @ 0x00000287ecea01dc [0x00000287ecea0060+0x17c]
j  com.sun.jna.ptr.IntByReference.<init>(I)V+2
j  com.sun.jna.ptr.IntByReference.<init>()V+2
j  Luxand.FSDKCam.GrabFrame(LLuxand/FSDKCam$HCamera;LLuxand/FSDK$HImage;)I+4
j  sample.Controller$1.actionPerformed(Ljava/awt/event/ActionEvent;)V+16
j  javax.swing.Timer.fireActionPerformed(Ljava/awt/event/ActionEvent;)V+34
j  javax.swing.Timer$DoPostEvent.run()V+74
j  java.awt.event.InvocationEvent.dispatch()V+47
j  java.awt.EventQueue.dispatchEventImpl(Ljava/awt/AWTEvent;Ljava/lang/Object;)V+21
j  java.awt.EventQueue.access$500(Ljava/awt/EventQueue;Ljava/awt/AWTEvent;Ljava/lang/Object;)V+3
j  java.awt.EventQueue$3.run()Ljava/lang/Void;+32
j  java.awt.EventQueue$3.run()Ljava/lang/Object;+1
v  ~StubRoutines::call_stub
J 1505  java.security.AccessController.doPrivileged(Ljava/security/PrivilegedAction;Ljava/security/AccessControlContext;)Ljava/lang/Object; (0 bytes) @ 0x00000287ecf62ba6 [0x00000287ecf62b40+0x66]
j  java.security.ProtectionDomain$JavaSecurityAccessImpl.doIntersectionPrivilege(Ljava/security/PrivilegedAction;Ljava/security/AccessControlContext;Ljava/security/AccessControlContext;)Ljava/lang/Object;+18
j  java.awt.EventQueue.dispatchEvent(Ljava/awt/AWTEvent;)V+46
j  java.awt.EventDispatchThread.pumpOneEventForFilters(I)V+140
j  java.awt.EventDispatchThread.pumpEventsForFilter(ILjava/awt/Conditional;Ljava/awt/EventFilter;)V+35
j  java.awt.EventDispatchThread.pumpEventsForHierarchy(ILjava/awt/Conditional;Ljava/awt/Component;)V+11
j  java.awt.EventDispatchThread.pumpEvents(ILjava/awt/Conditional;)V+4
j  java.awt.EventDispatchThread.pumpEvents(Ljava/awt/Conditional;)V+3
j  java.awt.EventDispatchThread.run()V+9
v  ~StubRoutines::call_stub

---------------  P R O C E S S  ---------------

Java Threads: ( => current thread )
  0x00000287ffb20000 JavaThread "Thread-5" daemon [_thread_in_native, id=3572, stack(0x000000da75d00000,0x000000da75e00000)]
  0x00000287fd93b800 JavaThread "Direct Clip" daemon [_thread_blocked, id=5152, stack(0x000000da79900000,0x000000da79a00000)]
  0x00000287fd93b000 JavaThread "Direct Clip" daemon [_thread_blocked, id=6324, stack(0x000000da79800000,0x000000da79900000)]
  0x00000287fd93a000 JavaThread "Direct Clip" daemon [_thread_blocked, id=8844, stack(0x000000da78000000,0x000000da78100000)]
  0x00000287fd938800 JavaThread "Direct Clip" daemon [_thread_blocked, id=4336, stack(0x000000da79700000,0x000000da79800000)]
  0x00000287fd938000 JavaThread "Direct Clip" daemon [_thread_blocked, id=10052, stack(0x000000da79500000,0x000000da79600000)]
  0x00000287fd937000 JavaThread "Direct Clip" daemon [_thread_blocked, id=6216, stack(0x000000da79200000,0x000000da79300000)]
  0x00000287fd93e000 JavaThread "Java Sound Event Dispatcher" daemon [_thread_blocked, id=9752, stack(0x000000da78f00000,0x000000da79000000)]
=>0x00000287fd93d000 JavaThread "AWT-EventQueue-0" [_thread_in_native, id=7768, stack(0x000000da78900000,0x000000da78a00000)]
  0x00000287fd8d2800 JavaThread "AWT-Shutdown" [_thread_blocked, id=10732, stack(0x000000da78700000,0x000000da78800000)]
  0x00000287fd962000 JavaThread "Java2D Disposer" daemon [_thread_blocked, id=18140, stack(0x000000da78600000,0x000000da78700000)]
  0x00000287ffdf7000 JavaThread "TimerQueue" daemon [_thread_blocked, id=11208, stack(0x000000da78200000,0x000000da78300000)]
  0x00000287ffa73800 JavaThread "Prism Font Disposer" daemon [_thread_blocked, id=13720, stack(0x000000da77800000,0x000000da77900000)]
  0x00000287ff7a1800 JavaThread "Thread-3" daemon [_thread_in_native, id=14944, stack(0x000000da77300000,0x000000da77400000)]
  0x00000287ff7ae800 JavaThread "JavaFX-Launcher" [_thread_blocked, id=4108, stack(0x000000da77400000,0x000000da77500000)]
  0x00000287fe7fd000 JavaThread "JavaFX Application Thread" [_thread_blocked, id=12008, stack(0x000000da76f00000,0x000000da77000000)]
  0x00000287fe7ea800 JavaThread "Thread-1" daemon [_thread_blocked, id=13888, stack(0x000000da76e00000,0x000000da76f00000)]
  0x00000287fd947000 JavaThread "Service Thread" daemon [_thread_blocked, id=13408, stack(0x000000da76b00000,0x000000da76c00000)]
  0x00000287fd8bb000 JavaThread "C1 CompilerThread2" daemon [_thread_blocked, id=9848, stack(0x000000da76a00000,0x000000da76b00000)]
  0x00000287fd8b8800 JavaThread "C2 CompilerThread1" daemon [_thread_blocked, id=12532, stack(0x000000da76900000,0x000000da76a00000)]
  0x00000287fd8b6800 JavaThread "C2 CompilerThread0" daemon [_thread_blocked, id=4280, stack(0x000000da76800000,0x000000da76900000)]
  0x00000287fd8b2000 JavaThread "Attach Listener" daemon [_thread_blocked, id=13476, stack(0x000000da76700000,0x000000da76800000)]
  0x00000287fd8b1000 JavaThread "Signal Dispatcher" daemon [_thread_blocked, id=7160, stack(0x000000da76600000,0x000000da76700000)]
  0x00000287fd16b800 JavaThread "Finalizer" daemon [_thread_blocked, id=1492, stack(0x000000da76500000,0x000000da76600000)]
  0x00000287fd165000 JavaThread "Reference Handler" daemon [_thread_blocked, id=2636, stack(0x000000da76400000,0x000000da76500000)]
  0x00000287eb0b5000 JavaThread "main" [_thread_blocked, id=12340, stack(0x000000da75e00000,0x000000da75f00000)]

Other Threads:
  0x00000287fd873000 VMThread [stack: 0x000000da76300000,0x000000da76400000] [id=8024]
  0x00000287fd970800 WatcherThread [stack: 0x000000da76c00000,0x000000da76d00000] [id=12656]

VM state:not at safepoint (normal execution)

VM Mutex/Monitor currently owned by a thread: None

heap address: 0x0000000082800000, size: 2008 MB, Compressed Oops mode: 32-bit
Narrow klass base: 0x0000000000000000, Narrow klass shift: 3
Compressed class space size: 1073741824 Address: 0x0000000100000000

Heap:
 PSYoungGen      total 432640K, used 150193K [0x00000000d6300000, 0x00000000f3980000, 0x0000000100000000)
  eden space 393728K, 38% used [0x00000000d6300000,0x00000000df5ac7e8,0x00000000ee380000)
  from space 38912K, 0% used [0x00000000f1380000,0x00000000f1380000,0x00000000f3980000)
  to   space 44032K, 0% used [0x00000000ee380000,0x00000000ee380000,0x00000000f0e80000)
 ParOldGen       total 107008K, used 24926K [0x0000000082800000, 0x0000000089080000, 0x00000000d6300000)
  object space 107008K, 23% used [0x0000000082800000,0x0000000084057a20,0x0000000089080000)
 Metaspace       used 17695K, capacity 18274K, committed 18432K, reserved 1064960K
  class space    used 2277K, capacity 2436K, committed 2560K, reserved 1048576K

Card table byte_map: [0x00000287fbdf0000,0x00000287fc1e0000] byte_map_base: 0x00000287fb9dc000

Marking Bits: (ParMarkBitMap*) 0x0000000061988fd0
 Begin Bits: [0x0000028780000000, 0x0000028781f60000)
 End Bits:   [0x0000028781f60000, 0x0000028783ec0000)

Polling page: 0x00000287eb1a0000

CodeCache: size=245760Kb used=5755Kb max_used=5766Kb free=240004Kb
 bounds [0x00000287eca30000, 0x00000287ecff0000, 0x00000287fba30000]
 total_blobs=2525 nmethods=1781 adapters=655
 compilation: enabled

Compilation events (10 events):
Event: 33.923 Thread 0x00000287fd8bb000 nmethod 1993 0x00000287ece2bb10 code [0x00000287ece2bc80, 0x00000287ece2be30]
Event: 34.169 Thread 0x00000287fd8bb000 1994   !   3       java.util.concurrent.DelayQueue::take (214 bytes)
Event: 34.174 Thread 0x00000287fd8bb000 nmethod 1994 0x00000287ece04310 code [0x00000287ece046a0, 0x00000287ece06340]
Event: 34.211 Thread 0x00000287fd8bb000 1995       3       javax.swing.Timer::post (36 bytes)
Event: 34.213 Thread 0x00000287fd8bb000 nmethod 1995 0x00000287ece42010 code [0x00000287ece421c0, 0x00000287ece42800]
Event: 34.213 Thread 0x00000287fd8bb000 1996       3       javax.swing.TimerQueue$DelayedTimer::setTime (6 bytes)
Event: 34.213 Thread 0x00000287fd8bb000 nmethod 1996 0x00000287ece3fcd0 code [0x00000287ece3fe20, 0x00000287ece3ff98]
Event: 34.495 Thread 0x00000287fd8b8800 1997       4       java.util.HashMap::put (13 bytes)
Event: 34.495 Thread 0x00000287fd8bb000 1998   !   3       java.io.WinNTFileSystem::isInvalid (78 bytes)
Event: 34.496 Thread 0x00000287fd8bb000 nmethod 1998 0x00000287ece3f410 code [0x00000287ece3f580, 0x00000287ece3f910]

GC Heap History (10 events):
Event: 14.732 GC heap before
{Heap before GC invocations=10 (full 1):
 PSYoungGen      total 244736K, used 230191K [0x00000000d6300000, 0x00000000e7f00000, 0x0000000100000000)
  eden space 206336K, 98% used [0x00000000d6300000,0x00000000e2972448,0x00000000e2c80000)
  from space 38400K, 70% used [0x00000000e5500000,0x00000000e6f59b98,0x00000000e7a80000)
  to   space 41472K, 0% used [0x00000000e2c80000,0x00000000e2c80000,0x00000000e5500000)
 ParOldGen       total 116224K, used 76566K [0x0000000082800000, 0x0000000089980000, 0x00000000d6300000)
  object space 116224K, 65% used [0x0000000082800000,0x00000000872c5a18,0x0000000089980000)
 Metaspace       used 17409K, capacity 17964K, committed 18048K, reserved 1064960K
  class space    used 2270K, capacity 2401K, committed 2432K, reserved 1048576K
Event: 14.739 GC heap after
Heap after GC invocations=10 (full 1):
 PSYoungGen      total 247808K, used 16747K [0x00000000d6300000, 0x00000000ed280000, 0x0000000100000000)
  eden space 206336K, 0% used [0x00000000d6300000,0x00000000d6300000,0x00000000e2c80000)
  from space 41472K, 40% used [0x00000000e2c80000,0x00000000e3cdae30,0x00000000e5500000)
  to   space 39424K, 0% used [0x00000000eac00000,0x00000000eac00000,0x00000000ed280000)
 ParOldGen       total 116224K, used 76590K [0x0000000082800000, 0x0000000089980000, 0x00000000d6300000)
  object space 116224K, 65% used [0x0000000082800000,0x00000000872cba18,0x0000000089980000)
 Metaspace       used 17409K, capacity 17964K, committed 18048K, reserved 1064960K
  class space    used 2270K, capacity 2401K, committed 2432K, reserved 1048576K
}
Event: 18.966 GC heap before
{Heap before GC invocations=11 (full 1):
 PSYoungGen      total 247808K, used 223076K [0x00000000d6300000, 0x00000000ed280000, 0x0000000100000000)
  eden space 206336K, 99% used [0x00000000d6300000,0x00000000e2c7e568,0x00000000e2c80000)
  from space 41472K, 40% used [0x00000000e2c80000,0x00000000e3cdae30,0x00000000e5500000)
  to   space 39424K, 0% used [0x00000000eac00000,0x00000000eac00000,0x00000000ed280000)
 ParOldGen       total 116224K, used 76590K [0x0000000082800000, 0x0000000089980000, 0x00000000d6300000)
  object space 116224K, 65% used [0x0000000082800000,0x00000000872cba18,0x0000000089980000)
 Metaspace       used 17465K, capacity 17964K, committed 18048K, reserved 1064960K
  class space    used 2270K, capacity 2401K, committed 2432K, reserved 1048576K
Event: 18.976 GC heap after
Heap after GC invocations=11 (full 1):
 PSYoungGen      total 330752K, used 31375K [0x00000000d6300000, 0x00000000ed480000, 0x0000000100000000)
  eden space 291328K, 0% used [0x00000000d6300000,0x00000000d6300000,0x00000000e7f80000)
  from space 39424K, 79% used [0x00000000eac00000,0x00000000ecaa3c90,0x00000000ed280000)
  to   space 43520K, 0% used [0x00000000e7f80000,0x00000000e7f80000,0x00000000eaa00000)
 ParOldGen       total 116224K, used 76835K [0x0000000082800000, 0x0000000089980000, 0x00000000d6300000)
  object space 116224K, 66% used [0x0000000082800000,0x0000000087308cf8,0x0000000089980000)
 Metaspace       used 17465K, capacity 17964K, committed 18048K, reserved 1064960K
  class space    used 2270K, capacity 2401K, committed 2432K, reserved 1048576K
}
Event: 23.473 GC heap before
{Heap before GC invocations=12 (full 1):
 PSYoungGen      total 330752K, used 319760K [0x00000000d6300000, 0x00000000ed480000, 0x0000000100000000)
  eden space 291328K, 98% used [0x00000000d6300000,0x00000000e7ca05e8,0x00000000e7f80000)
  from space 39424K, 79% used [0x00000000eac00000,0x00000000ecaa3c90,0x00000000ed280000)
  to   space 43520K, 0% used [0x00000000e7f80000,0x00000000e7f80000,0x00000000eaa00000)
 ParOldGen       total 116224K, used 76835K [0x0000000082800000, 0x0000000089980000, 0x00000000d6300000)
  object space 116224K, 66% used [0x0000000082800000,0x0000000087308cf8,0x0000000089980000)
 Metaspace       used 17550K, capacity 18124K, committed 18432K, reserved 1064960K
  class space    used 2272K, capacity 2433K, committed 2560K, reserved 1048576K
Event: 23.480 GC heap after
Heap after GC invocations=12 (full 1):
 PSYoungGen      total 334848K, used 16542K [0x00000000d6300000, 0x00000000f3b80000, 0x0000000100000000)
  eden space 291328K, 0% used [0x00000000d6300000,0x00000000d6300000,0x00000000e7f80000)
  from space 43520K, 38% used [0x00000000e7f80000,0x00000000e8fa7b50,0x00000000eaa00000)
  to   space 40960K, 0% used [0x00000000f1380000,0x00000000f1380000,0x00000000f3b80000)
 ParOldGen       total 116224K, used 81394K [0x0000000082800000, 0x0000000089980000, 0x00000000d6300000)
  object space 116224K, 70% used [0x0000000082800000,0x000000008777cb00,0x0000000089980000)
 Metaspace       used 17550K, capacity 18124K, committed 18432K, reserved 1064960K
  class space    used 2272K, capacity 2433K, committed 2560K, reserved 1048576K
}
Event: 28.044 GC heap before
{Heap before GC invocations=13 (full 1):
 PSYoungGen      total 334848K, used 304864K [0x00000000d6300000, 0x00000000f3b80000, 0x0000000100000000)
  eden space 291328K, 98% used [0x00000000d6300000,0x00000000e7c90790,0x00000000e7f80000)
  from space 43520K, 38% used [0x00000000e7f80000,0x00000000e8fa7b50,0x00000000eaa00000)
  to   space 40960K, 0% used [0x00000000f1380000,0x00000000f1380000,0x00000000f3b80000)
 ParOldGen       total 116224K, used 81394K [0x0000000082800000, 0x0000000089980000, 0x00000000d6300000)
  object space 116224K, 70% used [0x0000000082800000,0x000000008777cb00,0x0000000089980000)
 Metaspace       used 17593K, capacity 18128K, committed 18432K, reserved 1064960K
  class space    used 2272K, capacity 2433K, committed 2560K, reserved 1048576K
Event: 28.056 GC heap after
Heap after GC invocations=13 (full 1):
 PSYoungGen      total 432640K, used 30942K [0x00000000d6300000, 0x00000000f3980000, 0x0000000100000000)
  eden space 393728K, 0% used [0x00000000d6300000,0x00000000d6300000,0x00000000ee380000)
  from space 38912K, 79% used [0x00000000f1380000,0x00000000f31b7b90,0x00000000f3980000)
  to   space 44032K, 0% used [0x00000000ee380000,0x00000000ee380000,0x00000000f0e80000)
 ParOldGen       total 116224K, used 85749K [0x0000000082800000, 0x0000000089980000, 0x00000000d6300000)
  object space 116224K, 73% used [0x0000000082800000,0x0000000087bbd628,0x0000000089980000)
 Metaspace       used 17593K, capacity 18128K, committed 18432K, reserved 1064960K
  class space    used 2272K, capacity 2433K, committed 2560K, reserved 1048576K
}
Event: 28.056 GC heap before
{Heap before GC invocations=14 (full 2):
 PSYoungGen      total 432640K, used 30942K [0x00000000d6300000, 0x00000000f3980000, 0x0000000100000000)
  eden space 393728K, 0% used [0x00000000d6300000,0x00000000d6300000,0x00000000ee380000)
  from space 38912K, 79% used [0x00000000f1380000,0x00000000f31b7b90,0x00000000f3980000)
  to   space 44032K, 0% used [0x00000000ee380000,0x00000000ee380000,0x00000000f0e80000)
 ParOldGen       total 116224K, used 85749K [0x0000000082800000, 0x0000000089980000, 0x00000000d6300000)
  object space 116224K, 73% used [0x0000000082800000,0x0000000087bbd628,0x0000000089980000)
 Metaspace       used 17593K, capacity 18128K, committed 18432K, reserved 1064960K
  class space    used 2272K, capacity 2433K, committed 2560K, reserved 1048576K
Event: 28.088 GC heap after
Heap after GC invocations=14 (full 2):
 PSYoungGen      total 432640K, used 0K [0x00000000d6300000, 0x00000000f3980000, 0x0000000100000000)
  eden space 393728K, 0% used [0x00000000d6300000,0x00000000d6300000,0x00000000ee380000)
  from space 38912K, 0% used [0x00000000f1380000,0x00000000f1380000,0x00000000f3980000)
  to   space 44032K, 0% used [0x00000000ee380000,0x00000000ee380000,0x00000000f0e80000)
 ParOldGen       total 107008K, used 24926K [0x0000000082800000, 0x0000000089080000, 0x00000000d6300000)
  object space 107008K, 23% used [0x0000000082800000,0x0000000084057a20,0x0000000089080000)
 Metaspace       used 17593K, capacity 18128K, committed 18432K, reserved 1064960K
  class space    used 2272K, capacity 2433K, committed 2560K, reserved 1048576K
}

Deoptimization events (10 events):
Event: 6.684 Thread 0x00000287fd93d000 Uncommon trap: reason=bimorphic action=maybe_recompile pc=0x00000287ecd39bd0 method=java.io.DataInputStream.readShort()S @ 4
Event: 6.685 Thread 0x00000287fd93d000 Uncommon trap: reason=bimorphic action=maybe_recompile pc=0x00000287ecd39bd0 method=java.io.DataInputStream.readShort()S @ 4
Event: 6.685 Thread 0x00000287fd93d000 Uncommon trap: reason=bimorphic action=maybe_recompile pc=0x00000287ecd39bd0 method=java.io.DataInputStream.readShort()S @ 4
Event: 6.685 Thread 0x00000287fd93d000 Uncommon trap: reason=bimorphic action=maybe_recompile pc=0x00000287ecd39bd0 method=java.io.DataInputStream.readShort()S @ 4
Event: 9.924 Thread 0x00000287fe7fd000 Uncommon trap: reason=unstable_if action=reinterpret pc=0x00000287ece69898 method=com.google.zxing.oned.Code39Reader.findAsteriskPattern(Lcom/google/zxing/common/BitArray;[I)[I @ 71
Event: 10.027 Thread 0x00000287fe7fd000 Uncommon trap: reason=unstable_if action=reinterpret pc=0x00000287ece61ac8 method=com.google.zxing.oned.CodaBarReader.counterAppend(I)V @ 29
Event: 11.098 Thread 0x00000287fe7fd000 Uncommon trap: reason=unstable_if action=reinterpret pc=0x00000287ecf37710 method=com.google.zxing.common.detector.WhiteRectangleDetector.detect()[Lcom/google/zxing/ResultPoint; @ 309
Event: 14.289 Thread 0x00000287fe7fd000 Uncommon trap: reason=unstable_if action=reinterpret pc=0x00000287ece8bafc method=com.google.zxing.aztec.detector.Detector.isValid(II)Z @ 27
Event: 19.717 Thread 0x00000287fe7fd000 Uncommon trap: reason=unstable_if action=reinterpret pc=0x00000287ece4fed4 method=com.google.zxing.pdf417.detector.Detector.patternMatchVariance([I[I)F @ 72
Event: 19.717 Thread 0x00000287fe7fd000 Uncommon trap: reason=unstable_if action=reinterpret pc=0x00000287ece707e8 method=com.google.zxing.pdf417.detector.Detector.findGuardPattern(Lcom/google/zxing/common/BitMatrix;III[I[I)[I @ 224

Classes redefined (0 events):
No events

Internal exceptions (10 events):
Event: 0.222 Thread 0x00000287eb0b5000 Exception <a 'java/security/PrivilegedActionException'> (0x00000000d65c17c0) thrown at [C:\jenkins\workspace\8-2-build-windows-x64-cygwin\jdk8u351\2908\hotspot\src\share\vm\prims\jvm.cpp, line 1513]
Event: 0.222 Thread 0x00000287eb0b5000 Exception <a 'java/security/PrivilegedActionException'> (0x00000000d65c19d0) thrown at [C:\jenkins\workspace\8-2-build-windows-x64-cygwin\jdk8u351\2908\hotspot\src\share\vm\prims\jvm.cpp, line 1513]
Event: 0.223 Thread 0x00000287eb0b5000 Exception <a 'java/lang/NullPointerException'> (0x00000000d65c1fa8) thrown at [C:\jenkins\workspace\8-2-build-windows-x64-cygwin\jdk8u351\2908\hotspot\src\share\vm\interpreter\linkResolver.cpp, line 1185]
Event: 0.571 Thread 0x00000287fe7fd000 Exception <a 'java/lang/NullPointerException'> (0x00000000d7023318) thrown at [C:\jenkins\workspace\8-2-build-windows-x64-cygwin\jdk8u351\2908\hotspot\src\share\vm\interpreter\linkResolver.cpp, line 1185]
Event: 0.571 Thread 0x00000287fe7fd000 Exception <a 'java/lang/NullPointerException'> (0x00000000d7023318) thrown at [C:\jenkins\workspace\8-2-build-windows-x64-cygwin\jdk8u351\2908\hotspot\src\share\vm\prims\jvm.cpp, line 1517]
Event: 5.081 Thread 0x00000287fe7fd000 Exception <a 'java/io/FileNotFoundException'> (0x00000000d7e0e1e0) thrown at [C:\jenkins\workspace\8-2-build-windows-x64-cygwin\jdk8u351\2908\hotspot\src\share\vm\prims\jni.cpp, line 710]
Event: 5.349 Thread 0x00000287fd93d000 Exception <a 'java/io/FileNotFoundException'> (0x00000000d6651a48) thrown at [C:\jenkins\workspace\8-2-build-windows-x64-cygwin\jdk8u351\2908\hotspot\src\share\vm\prims\jni.cpp, line 710]
Event: 5.368 Thread 0x00000287fd93d000 Implicit null exception at 0x00000287ecd662d6 to 0x00000287ecd66681
Event: 5.493 Thread 0x00000287fd93d000 Implicit null exception at 0x00000287ecc488d6 to 0x00000287ecc48c7d
Event: 34.494 Thread 0x00000287ffb1f000 Exception <a 'java/lang/IllegalStateException'> (0x00000000df267020) thrown at [C:\jenkins\workspace\8-2-build-windows-x64-cygwin\jdk8u351\2908\hotspot\src\share\vm\prims\jvm.cpp, line 1517]

Events (10 events):
Event: 34.493 Executing VM operation: RevokeBias
Event: 34.493 loading class java/util/Vector$Itr done
Event: 34.493 Executing VM operation: RevokeBias done
Event: 34.493 Thread 0x00000287fd93c800 Thread exited: 0x00000287fd93c800
Event: 34.493 loading class com/sun/prism/impl/GlyphCache
Event: 34.493 loading class com/sun/prism/impl/GlyphCache done
Event: 34.493 loading class com/sun/javafx/tk/quantum/QuantumToolkit
Event: 34.493 loading class com/sun/javafx/tk/quantum/QuantumToolkit done
Event: 34.494 Thread 0x00000287ffb1f000 Thread exited: 0x00000287ffb1f000
Event: 34.499 Thread 0x00000287ffb24800 Thread exited: 0x00000287ffb24800


Dynamic libraries:
0x00007ff79e730000 - 0x00007ff79e777000 	C:\Program Files (x86)\Common Files\Oracle\Java\javapath\java.exe
0x00007ffd49e90000 - 0x00007ffd4a088000 	C:\Windows\SYSTEM32\ntdll.dll
0x00007ffd48740000 - 0x00007ffd48802000 	C:\Windows\System32\KERNEL32.DLL
0x00007ffd47730000 - 0x00007ffd47a26000 	C:\Windows\System32\KERNELBASE.dll
0x00007ffd48c10000 - 0x00007ffd48cbf000 	C:\Windows\System32\ADVAPI32.dll
0x00007ffd48260000 - 0x00007ffd482fe000 	C:\Windows\System32\msvcrt.dll
0x00007ffd49560000 - 0x00007ffd495ff000 	C:\Windows\System32\sechost.dll
0x00007ffd49430000 - 0x00007ffd49553000 	C:\Windows\System32\RPCRT4.dll
0x00007ffd47520000 - 0x00007ffd47547000 	C:\Windows\System32\bcrypt.dll
0x00007ffd48a10000 - 0x00007ffd48bad000 	C:\Windows\System32\USER32.dll
0x00007ffd47cb0000 - 0x00007ffd47cd2000 	C:\Windows\System32\win32u.dll
0x00007ffd48810000 - 0x00007ffd4883b000 	C:\Windows\System32\GDI32.dll
0x00007ffd47d90000 - 0x00007ffd47eaa000 	C:\Windows\System32\gdi32full.dll
0x00007ffd47c10000 - 0x00007ffd47cad000 	C:\Windows\System32\msvcp_win.dll
0x00007ffd47630000 - 0x00007ffd47730000 	C:\Windows\System32\ucrtbase.dll
0x00007ffd33fe0000 - 0x00007ffd3427a000 	C:\Windows\WinSxS\amd64_microsoft.windows.common-controls_6595b64144ccf1df_6.0.19041.4355_none_60b8b9eb71f62e16\COMCTL32.dll
0x00007ffd48230000 - 0x00007ffd4825f000 	C:\Windows\System32\IMM32.DLL
0x00007ffd2e6a0000 - 0x00007ffd2e6b5000 	C:\Program Files\Java\jre1.8.0_351\bin\vcruntime140.dll
0x00007ffcec390000 - 0x00007ffcec42b000 	C:\Program Files\Java\jre1.8.0_351\bin\msvcp140.dll
0x00000000611a0000 - 0x0000000061a01000 	C:\Program Files\Java\jre1.8.0_351\bin\server\jvm.dll
0x00007ffd49c40000 - 0x00007ffd49c48000 	C:\Windows\System32\PSAPI.DLL
0x00007ffd44b70000 - 0x00007ffd44b79000 	C:\Windows\SYSTEM32\WSOCK32.dll
0x00007ffd41da0000 - 0x00007ffd41dc7000 	C:\Windows\SYSTEM32\WINMM.dll
0x00007ffd489a0000 - 0x00007ffd48a0b000 	C:\Windows\System32\WS2_32.dll
0x00007ffd3fd10000 - 0x00007ffd3fd1a000 	C:\Windows\SYSTEM32\VERSION.dll
0x00007ffd453a0000 - 0x00007ffd453b2000 	C:\Windows\SYSTEM32\kernel.appcore.dll
0x00007ffd2e3c0000 - 0x00007ffd2e3d0000 	C:\Program Files\Java\jre1.8.0_351\bin\verify.dll
0x00007ffd2a340000 - 0x00007ffd2a36b000 	C:\Program Files\Java\jre1.8.0_351\bin\java.dll
0x00007ffd2e2e0000 - 0x00007ffd2e2f8000 	C:\Program Files\Java\jre1.8.0_351\bin\zip.dll
0x00007ffd48cc0000 - 0x00007ffd4942f000 	C:\Windows\System32\SHELL32.dll
0x00007ffd455a0000 - 0x00007ffd45d43000 	C:\Windows\SYSTEM32\windows.storage.dll
0x00007ffd483e0000 - 0x00007ffd48735000 	C:\Windows\System32\combase.dll
0x00007ffd46f50000 - 0x00007ffd46f7b000 	C:\Windows\SYSTEM32\Wldp.dll
0x00007ffd47eb0000 - 0x00007ffd47f7d000 	C:\Windows\System32\OLEAUT32.dll
0x00007ffd48840000 - 0x00007ffd488ed000 	C:\Windows\System32\SHCORE.dll
0x00007ffd49cb0000 - 0x00007ffd49d05000 	C:\Windows\System32\shlwapi.dll
0x00007ffd47450000 - 0x00007ffd47475000 	C:\Windows\SYSTEM32\profapi.dll
0x00000287eb210000 - 0x00000287eb213000 	C:\Program Files\Java\jre1.8.0_351\bin\api-ms-win-core-console-l1-1-0.dll
0x00000287eb220000 - 0x00000287eb223000 	C:\Program Files\Java\jre1.8.0_351\bin\api-ms-win-core-console-l1-2-0.dll
0x00000287eb230000 - 0x00000287eb233000 	C:\Program Files\Java\jre1.8.0_351\bin\api-ms-win-core-datetime-l1-1-0.dll
0x00000287eb240000 - 0x00000287eb243000 	C:\Program Files\Java\jre1.8.0_351\bin\api-ms-win-core-debug-l1-1-0.dll
0x00000287eb250000 - 0x00000287eb253000 	C:\Program Files\Java\jre1.8.0_351\bin\api-ms-win-core-errorhandling-l1-1-0.dll
0x00000287eb260000 - 0x00000287eb264000 	C:\Program Files\Java\jre1.8.0_351\bin\api-ms-win-core-file-l1-1-0.dll
0x00000287eb270000 - 0x00000287eb273000 	C:\Program Files\Java\jre1.8.0_351\bin\api-ms-win-core-file-l1-2-0.dll
0x00000287fe860000 - 0x00000287fe863000 	C:\Program Files\Java\jre1.8.0_351\bin\api-ms-win-core-file-l2-1-0.dll
0x00000287fe870000 - 0x00000287fe873000 	C:\Program Files\Java\jre1.8.0_351\bin\api-ms-win-core-handle-l1-1-0.dll
0x00000287fe880000 - 0x00000287fe883000 	C:\Program Files\Java\jre1.8.0_351\bin\api-ms-win-core-heap-l1-1-0.dll
0x00000287fe890000 - 0x00000287fe893000 	C:\Program Files\Java\jre1.8.0_351\bin\api-ms-win-core-interlocked-l1-1-0.dll
0x00000287fe8a0000 - 0x00000287fe8a3000 	C:\Program Files\Java\jre1.8.0_351\bin\api-ms-win-core-libraryloader-l1-1-0.dll
0x00000287fe8b0000 - 0x00000287fe8b3000 	C:\Program Files\Java\jre1.8.0_351\bin\api-ms-win-core-localization-l1-2-0.dll
0x00000287fe8c0000 - 0x00000287fe8c3000 	C:\Program Files\Java\jre1.8.0_351\bin\api-ms-win-core-memory-l1-1-0.dll
0x00000287fe8d0000 - 0x00000287fe8d3000 	C:\Program Files\Java\jre1.8.0_351\bin\api-ms-win-core-namedpipe-l1-1-0.dll
0x00000287fe8e0000 - 0x00000287fe8e3000 	C:\Program Files\Java\jre1.8.0_351\bin\api-ms-win-core-processenvironment-l1-1-0.dll
0x00000287fe8f0000 - 0x00000287fe8f3000 	C:\Program Files\Java\jre1.8.0_351\bin\api-ms-win-core-processthreads-l1-1-0.dll
0x00000287fe900000 - 0x00000287fe903000 	C:\Program Files\Java\jre1.8.0_351\bin\api-ms-win-core-processthreads-l1-1-1.dll
0x00000287fe910000 - 0x00000287fe913000 	C:\Program Files\Java\jre1.8.0_351\bin\api-ms-win-core-profile-l1-1-0.dll
0x00000287fe920000 - 0x00000287fe923000 	C:\Program Files\Java\jre1.8.0_351\bin\api-ms-win-core-rtlsupport-l1-1-0.dll
0x00000287fe930000 - 0x00000287fe933000 	C:\Program Files\Java\jre1.8.0_351\bin\api-ms-win-core-string-l1-1-0.dll
0x00000287fe940000 - 0x00000287fe943000 	C:\Program Files\Java\jre1.8.0_351\bin\api-ms-win-core-synch-l1-1-0.dll
0x00000287fe950000 - 0x00000287fe953000 	C:\Program Files\Java\jre1.8.0_351\bin\api-ms-win-core-synch-l1-2-0.dll
0x00000287fe960000 - 0x00000287fe963000 	C:\Program Files\Java\jre1.8.0_351\bin\api-ms-win-core-sysinfo-l1-1-0.dll
0x00000287fe970000 - 0x00000287fe973000 	C:\Program Files\Java\jre1.8.0_351\bin\api-ms-win-core-timezone-l1-1-0.dll
0x00000287fe980000 - 0x00000287fe983000 	C:\Program Files\Java\jre1.8.0_351\bin\api-ms-win-core-util-l1-1-0.dll
0x00000287fe990000 - 0x00000287fe993000 	C:\Program Files\Java\jre1.8.0_351\bin\api-ms-win-crt-conio-l1-1-0.dll
0x00000287fe9a0000 - 0x00000287fe9a4000 	C:\Program Files\Java\jre1.8.0_351\bin\api-ms-win-crt-convert-l1-1-0.dll
0x00000287fe9b0000 - 0x00000287fe9b3000 	C:\Program Files\Java\jre1.8.0_351\bin\api-ms-win-crt-environment-l1-1-0.dll
0x00000287fe9c0000 - 0x00000287fe9c3000 	C:\Program Files\Java\jre1.8.0_351\bin\api-ms-win-crt-filesystem-l1-1-0.dll
0x00000287fe9d0000 - 0x00000287fe9d3000 	C:\Program Files\Java\jre1.8.0_351\bin\api-ms-win-crt-heap-l1-1-0.dll
0x00000287fe9e0000 - 0x00000287fe9e3000 	C:\Program Files\Java\jre1.8.0_351\bin\api-ms-win-crt-locale-l1-1-0.dll
0x00000287fe9f0000 - 0x00000287fe9f5000 	C:\Program Files\Java\jre1.8.0_351\bin\api-ms-win-crt-math-l1-1-0.dll
0x00000287fea00000 - 0x00000287fea05000 	C:\Program Files\Java\jre1.8.0_351\bin\api-ms-win-crt-multibyte-l1-1-0.dll
0x00000287fea10000 - 0x00000287fea20000 	C:\Program Files\Java\jre1.8.0_351\bin\api-ms-win-crt-private-l1-1-0.dll
0x00000287fea20000 - 0x00000287fea23000 	C:\Program Files\Java\jre1.8.0_351\bin\api-ms-win-crt-process-l1-1-0.dll
0x00000287fea30000 - 0x00000287fea34000 	C:\Program Files\Java\jre1.8.0_351\bin\api-ms-win-crt-runtime-l1-1-0.dll
0x00000287fea40000 - 0x00000287fea44000 	C:\Program Files\Java\jre1.8.0_351\bin\api-ms-win-crt-stdio-l1-1-0.dll
0x00000287fea50000 - 0x00000287fea54000 	C:\Program Files\Java\jre1.8.0_351\bin\api-ms-win-crt-string-l1-1-0.dll
0x00000287fea60000 - 0x00000287fea63000 	C:\Program Files\Java\jre1.8.0_351\bin\api-ms-win-crt-time-l1-1-0.dll
0x00000287fea70000 - 0x00000287fea73000 	C:\Program Files\Java\jre1.8.0_351\bin\api-ms-win-crt-utility-l1-1-0.dll
0x00007ffcead60000 - 0x00007ffceae5a000 	C:\Program Files\Java\jre1.8.0_351\bin\ucrtbase.dll
0x00007ffd2e3b0000 - 0x00007ffd2e3bc000 	C:\Program Files\Java\jre1.8.0_351\bin\vcruntime140_1.dll
0x00007ffd2e330000 - 0x00007ffd2e339000 	C:\Program Files\Java\jre1.8.0_351\bin\msvcp140_1.dll
0x00007ffd0e210000 - 0x00007ffd0e23f000 	C:\Program Files\Java\jre1.8.0_351\bin\msvcp140_2.dll
0x00007ffcf6620000 - 0x00007ffcf6643000 	C:\Program Files\Java\jre1.8.0_351\bin\prism_d3d.dll
0x00007ffd03020000 - 0x00007ffd031f1000 	C:\Windows\system32\d3d9.dll
0x00007ffd450a0000 - 0x00007ffd450cf000 	C:\Windows\SYSTEM32\dwmapi.dll
0x00007ffd44e60000 - 0x00007ffd44efe000 	C:\Windows\system32\uxtheme.dll
0x00007ffd47fe0000 - 0x00007ffd4810b000 	C:\Windows\System32\ole32.dll
0x00007ffd497c0000 - 0x00007ffd49c31000 	C:\Windows\System32\SETUPAPI.dll
0x00007ffd475e0000 - 0x00007ffd4762e000 	C:\Windows\System32\cfgmgr32.dll
0x00007ffcf0b10000 - 0x00007ffcf0b52000 	C:\Program Files\Java\jre1.8.0_351\bin\glass.dll
0x00007ffd48300000 - 0x00007ffd483da000 	C:\Windows\System32\COMDLG32.dll
0x00007ffd48110000 - 0x00007ffd48225000 	C:\Windows\System32\MSCTF.dll
0x00007ffd47550000 - 0x00007ffd475d2000 	C:\Windows\System32\bcryptPrimitives.dll
0x00007ffd3ce00000 - 0x00007ffd3ce3b000 	C:\Windows\SYSTEM32\dxcore.dll
0x0000000180000000 - 0x0000000183645000 	C:\Users\mcojaya\Pictures\Downloads\Absensi\out\artifacts\Absensi_jar\libs\facesdk.dll
0x00007ffd46940000 - 0x00007ffd4697b000 	C:\Windows\SYSTEM32\IPHLPAPI.DLL
0x00007ffd19700000 - 0x00007ffd19714000 	C:\Program Files\Java\jre1.8.0_351\bin\javafx_font.dll
0x00007ffd41700000 - 0x00007ffd4197f000 	C:\Windows\SYSTEM32\dwrite.dll
0x00007ffd49d10000 - 0x00007ffd49db9000 	C:\Windows\System32\clbcatq.dll
0x00007ffd44bc0000 - 0x00007ffd44d74000 	C:\Windows\SYSTEM32\WindowsCodecs.dll
0x00007ffd3fc60000 - 0x00007ffd3fc9e000 	C:\Windows\system32\dataexchange.dll
0x00007ffd428e0000 - 0x00007ffd42b43000 	C:\Windows\system32\d3d11.dll
0x00007ffd432c0000 - 0x00007ffd434a4000 	C:\Windows\system32\dcomp.dll
0x00007ffd45db0000 - 0x00007ffd45ea6000 	C:\Windows\system32\dxgi.dll
0x00007ffd40500000 - 0x00007ffd40703000 	C:\Windows\system32\twinapi.appcore.dll
0x00007ffcedac0000 - 0x00007ffcedaf4000 	C:\Program Files\Common Files\Microsoft Shared\Ink\rtscom.dll
0x00007ffd37530000 - 0x00007ffd37629000 	C:\Windows\SYSTEM32\textinputframework.dll
0x00007ffd43830000 - 0x00007ffd43b8b000 	C:\Windows\System32\CoreUIComponents.dll
0x00007ffd43c70000 - 0x00007ffd43d62000 	C:\Windows\System32\CoreMessaging.dll
0x00007ffd467b0000 - 0x00007ffd467e3000 	C:\Windows\SYSTEM32\ntmarta.dll
0x00007ffd44060000 - 0x00007ffd441b7000 	C:\Windows\SYSTEM32\wintypes.dll
0x00007ffcebd40000 - 0x00007ffcebd6d000 	C:\Program Files\Java\jre1.8.0_351\bin\javafx_iio.dll
0x00007ffd46eb0000 - 0x00007ffd46ec8000 	C:\Windows\SYSTEM32\CRYPTSP.dll
0x00007ffd46560000 - 0x00007ffd46598000 	C:\Windows\system32\rsaenh.dll
0x00007ffd473d0000 - 0x00007ffd473fe000 	C:\Windows\SYSTEM32\USERENV.dll
0x00007ffd46ea0000 - 0x00007ffd46eac000 	C:\Windows\SYSTEM32\CRYPTBASE.dll
0x00007ffcf6600000 - 0x00007ffcf661c000 	C:\Program Files\Java\jre1.8.0_351\bin\net.dll
0x00007ffd46cb0000 - 0x00007ffd46d1c000 	C:\Windows\system32\mswsock.dll
0x00007ffd49600000 - 0x00007ffd49608000 	C:\Windows\System32\NSI.dll
0x00007ffd37990000 - 0x00007ffd379a7000 	C:\Windows\SYSTEM32\dhcpcsvc6.DLL
0x00007ffd3db60000 - 0x00007ffd3db7d000 	C:\Windows\SYSTEM32\dhcpcsvc.DLL
0x00007ffd46990000 - 0x00007ffd46a5a000 	C:\Windows\SYSTEM32\DNSAPI.dll
0x00007ffcf22c0000 - 0x00007ffcf22d3000 	C:\Program Files\Java\jre1.8.0_351\bin\nio.dll
0x00007ffd41ad0000 - 0x00007ffd41cb4000 	C:\Windows\SYSTEM32\dbghelp.dll
0x00007ffcc2c20000 - 0x00007ffcc2c3d000 	C:\Windows\System32\devenum.dll
0x00007ffd472b0000 - 0x00007ffd472e3000 	C:\Windows\SYSTEM32\DEVOBJ.dll
0x00007ffd47b90000 - 0x00007ffd47c03000 	C:\Windows\System32\WINTRUST.dll
0x00007ffd47a30000 - 0x00007ffd47b8d000 	C:\Windows\System32\CRYPT32.dll

VM Arguments:
jvm_args: -D=libs 
java_command: Absensi.jar
java_class_path (initial): Absensi.jar
Launcher Type: SUN_STANDARD

Environment Variables:
JAVA_HOME=C:\Program Files\Java\jdk-12.0.2
PATH=C:\Program Files\Python38\Scripts\;C:\Program Files\Python38\;C:\Program Files (x86)\Common Files\Oracle\Java\javapath;C:\oraclexe\app\oracle\product\11.2.0\server\bin;C:\Windows\System32\HWAudioDriverLibs;C:\Windows\system32;C:\Windows;C:\Windows\System32\Wbem;C:\Windows\System32\WindowsPowerShell\v1.0\;C:\Windows\System32\OpenSSH\;C:\Windows\system32\config\systemprofile\AppData\Local\Microsoft\WindowsApps;C:\Program Files (x86)\Microsoft SQL Server\100\Tools\Binn\;C:\Program Files\Microsoft SQL Server\100\Tools\Binn\;C:\Program Files\Microsoft SQL Server\100\DTS\Binn\;C:\Program Files (x86)\Microsoft SQL Server\100\Tools\Binn\VSShell\Common7\IDE\;C:\Program Files (x86)\Microsoft Visual Studio 9.0\Common7\IDE\PrivateAssemblies\;C:\Program Files (x86)\Microsoft SQL Server\100\DTS\Binn\;C:\Program Files\PuTTY\;C:\Program Files\MySQL\MySQL Server 8.0\bin;C:\Program Files\Java\jdk-12.0.2\bin;C:\Program Files\WireGuard\;C:\Program Files\Git\cmd;C:\Program Files (x86)\Embarcadero\Dev-Cpp\TDM-GCC-64\bin;C:\Program Files (x86)\GnuWin32\bin;D:\xampp\php;C:\ProgramData\ComposerSetup\bin;C:\Program Files\CMake\bin;C:\Program Files\PowerShell\7\;C:\Program Files\Microsoft SQL Server\150\Tools\Binn\;C:\Program Files\PowerShell\7-preview\preview;C:\Users\mcojaya\anaconda3;C:\Users\mcojaya\anaconda3\Library\mingw-w64\bin;C:\Users\mcojaya\anaconda3\Library\usr\bin;C:\Users\mcojaya\anaconda3\Library\bin;C:\Users\mcojaya\anaconda3\Scripts;C:\Program Files\MySQL\MySQL Shell 8.0\bin\;C:\Users\mcojaya\AppData\Local\Programs\Python\Python310\Scripts\;C:\Users\mcojaya\AppData\Local\Programs\Python\Python310\;C:\Users\mcojaya\AppData\Local\Microsoft\WindowsApps;C:\Users\mcojaya\AppData\Local\Programs\Microsoft VS Code\bin;C:\Program Files\Java\jdk-12.0.2\bin;C:\Users\mcojaya\AppData\Local\GitHubDesktop\bin;C:\Users\mcojaya\AppData\Roaming\Composer\vendor\bin;C:\Program Files\JetBrains\PyCharm 2023.2\bin;;C:\Program Files\JetBrains\IntelliJ IDEA Community Edition 2023.3.3\bin;
USERNAME=mcojaya
OS=Windows_NT
PROCESSOR_IDENTIFIER=Intel64 Family 6 Model 142 Stepping 12, GenuineIntel



---------------  S Y S T E M  ---------------

OS: Windows 10 , 64 bit Build 19041 (10.0.19041.5678)

CPU:total 4 (initial active 4) (2 cores per cpu, 2 threads per core) family 6 model 142 stepping 12, cmov, cx8, fxsr, mmx, sse, sse2, sse3, ssse3, sse4.1, sse4.2, popcnt, avx, avx2, aes, clmul, erms, 3dnowpref, lzcnt, ht, tsc, tscinvbit, bmi1, bmi2, adx

Memory: 4k page, physical 8218416k(2245404k free), swap 16436832k(7882032k free)

vm_info: Java HotSpot(TM) 64-Bit Server VM (25.351-b10) for windows-amd64 JRE (1.8.0_351-b10), built on Sep 15 2022 02:58:06 by "java_re" with MS VC++ 15.9 (VS2017)

time: Fri Apr 25 10:33:36 2025
timezone: SE Asia Standard Time
elapsed time: 34.612707 seconds (0d 0h 0m 34s)

